c:\users\eelba\documents\cg_cmps373_prj\cg_cmps373_prj\boggyman\bin\assimp-vc142-mtd.dll
c:\users\eelba\documents\cg_cmps373_prj\cg_cmps373_prj\boggyman\bin\minizip.dll
c:\users\eelba\documents\cg_cmps373_prj\cg_cmps373_prj\boggyman\bin\zlibd1.dll
c:\users\eelba\documents\cg_cmps373_prj\cg_cmps373_prj\boggyman\bin\pugixml.dll
c:\users\eelba\documents\cg_cmps373_prj\cg_cmps373_prj\boggyman\debug\vc142.pdb
c:\users\eelba\documents\cg_cmps373_prj\cg_cmps373_prj\boggyman\debug\vc142.idb
c:\users\eelba\documents\cg_cmps373_prj\cg_cmps373_prj\boggyman\debug\texture.obj
c:\users\eelba\documents\cg_cmps373_prj\cg_cmps373_prj\boggyman\debug\shaderprogram.obj
c:\users\eelba\documents\cg_cmps373_prj\cg_cmps373_prj\boggyman\debug\mesh.obj
c:\users\eelba\documents\cg_cmps373_prj\cg_cmps373_prj\boggyman\debug\boggymanmain.obj
c:\users\eelba\documents\cg_cmps373_prj\cg_cmps373_prj\boggyman\debug\camera.obj
c:\users\eelba\documents\cg_cmps373_prj\cg_cmps373_prj\boggyman\bin\boggyman.exe
c:\users\eelba\documents\cg_cmps373_prj\cg_cmps373_prj\boggyman\debug\boggyman.ilk
c:\users\eelba\documents\cg_cmps373_prj\cg_cmps373_prj\boggyman\bin\boggyman.pdb
c:\users\sentinel\desktop\cg-repo\cg_project\project-solutuion\boggyman\debug\boggymanmain.obj
c:\users\sentinel\desktop\cg-repo\cg_project\project-solutuion\boggyman\debug\camera.obj
c:\users\sentinel\desktop\cg-repo\cg_project\project-solutuion\boggyman\debug\mesh.obj
c:\users\sentinel\desktop\cg-repo\cg_project\project-solutuion\boggyman\debug\shaderprogram.obj
c:\users\sentinel\desktop\cg-repo\cg_project\project-solutuion\boggyman\debug\texture.obj
c:\users\sentinel\desktop\cg-repo\cg_project\project-solutuion\boggyman\debug\boggyman.ilk
c:\users\sentinel\desktop\cg-repo\cg_project\project-solutuion\boggyman\debug\vc142.idb
c:\users\sentinel\desktop\cg-repo\cg_project\project-solutuion\boggyman\debug\vc142.pdb
c:\users\sentinel\desktop\cg-repo\cg_project\project-solutuion\boggyman\bin\boggyman.exe
c:\users\sentinel\desktop\cg-repo\cg_project\project-solutuion\boggyman\debug\boggyman.tlog\boggyman.write.1u.tlog
c:\users\sentinel\desktop\cg-repo\cg_project\project-solutuion\boggyman\debug\boggyman.tlog\cl.command.1.tlog
c:\users\sentinel\desktop\cg-repo\cg_project\project-solutuion\boggyman\debug\boggyman.tlog\cl.read.1.tlog
c:\users\sentinel\desktop\cg-repo\cg_project\project-solutuion\boggyman\debug\boggyman.tlog\cl.write.1.tlog
c:\users\sentinel\desktop\cg-repo\cg_project\project-solutuion\boggyman\debug\boggyman.tlog\link.command.1.tlog
c:\users\sentinel\desktop\cg-repo\cg_project\project-solutuion\boggyman\debug\boggyman.tlog\link.read.1.tlog
c:\users\sentinel\desktop\cg-repo\cg_project\project-solutuion\boggyman\debug\boggyman.tlog\link.write.1.tlog
